2025-11-05 10:24:15,507 INFO: Microblog startup [in /home/kali/microblog/app/__init__.py:46]
2025-11-05 10:25:31,654 ERROR: Exception on /login [POST] [in /home/kali/microblog/venv/lib/python3.9/site-packages/flask/app.py:838]
Traceback (most recent call last):
  File "/home/kali/microblog/venv/lib/python3.9/site-packages/sqlalchemy/engine/base.py", line 1967, in _exec_single_context
    self.dialect.do_execute(
  File "/home/kali/microblog/venv/lib/python3.9/site-packages/sqlalchemy/engine/default.py", line 941, in do_execute
    cursor.execute(statement, parameters)
sqlite3.OperationalError: no such table: user

The above exception was the direct cause of the following exception:

Traceback (most recent call last):
  File "/home/kali/microblog/venv/lib/python3.9/site-packages/flask/app.py", line 1473, in wsgi_app
    response = self.full_dispatch_request()
  File "/home/kali/microblog/venv/lib/python3.9/site-packages/flask/app.py", line 882, in full_dispatch_request
    rv = self.handle_user_exception(e)
  File "/home/kali/microblog/venv/lib/python3.9/site-packages/flask/app.py", line 880, in full_dispatch_request
    rv = self.dispatch_request()
  File "/home/kali/microblog/venv/lib/python3.9/site-packages/flask/app.py", line 865, in dispatch_request
    return self.ensure_sync(self.view_functions[rule.endpoint])(**view_args)  # type: ignore[no-any-return]
  File "/home/kali/microblog/app/routes.py", line 44, in login
    user = db.session.scalar(sa.select(User).where(User.username == form.username.data))
  File "/home/kali/microblog/venv/lib/python3.9/site-packages/sqlalchemy/orm/scoping.py", line 1843, in scalar
    return self._proxied.scalar(
  File "/home/kali/microblog/venv/lib/python3.9/site-packages/sqlalchemy/orm/session.py", line 2410, in scalar
    return self._execute_internal(
  File "/home/kali/microblog/venv/lib/python3.9/site-packages/sqlalchemy/orm/session.py", line 2247, in _execute_internal
    result: Result[Any] = compile_state_cls.orm_execute_statement(
  File "/home/kali/microblog/venv/lib/python3.9/site-packages/sqlalchemy/orm/context.py", line 293, in orm_execute_statement
    result = conn.execute(
  File "/home/kali/microblog/venv/lib/python3.9/site-packages/sqlalchemy/engine/base.py", line 1418, in execute
    return meth(
  File "/home/kali/microblog/venv/lib/python3.9/site-packages/sqlalchemy/sql/elements.py", line 515, in _execute_on_connection
    return connection._execute_clauseelement(
  File "/home/kali/microblog/venv/lib/python3.9/site-packages/sqlalchemy/engine/base.py", line 1640, in _execute_clauseelement
    ret = self._execute_context(
  File "/home/kali/microblog/venv/lib/python3.9/site-packages/sqlalchemy/engine/base.py", line 1846, in _execute_context
    return self._exec_single_context(
  File "/home/kali/microblog/venv/lib/python3.9/site-packages/sqlalchemy/engine/base.py", line 1986, in _exec_single_context
    self._handle_dbapi_exception(
  File "/home/kali/microblog/venv/lib/python3.9/site-packages/sqlalchemy/engine/base.py", line 2355, in _handle_dbapi_exception
    raise sqlalchemy_exception.with_traceback(exc_info[2]) from e
  File "/home/kali/microblog/venv/lib/python3.9/site-packages/sqlalchemy/engine/base.py", line 1967, in _exec_single_context
    self.dialect.do_execute(
  File "/home/kali/microblog/venv/lib/python3.9/site-packages/sqlalchemy/engine/default.py", line 941, in do_execute
    cursor.execute(statement, parameters)
sqlalchemy.exc.OperationalError: (sqlite3.OperationalError) no such table: user
[SQL: SELECT user.id, user.username, user.email, user.password_hash, user.about_me, user.last_seen 
FROM user 
WHERE user.username = ?]
[parameters: ('bob',)]
(Background on this error at: https://sqlalche.me/e/20/e3q8)
2025-11-05 10:27:19,105 INFO: Microblog startup [in /home/kali/microblog/app/__init__.py:46]
2025-11-05 10:27:31,690 INFO: Microblog startup [in /home/kali/microblog/app/__init__.py:46]
2025-11-05 10:27:36,481 INFO: Microblog startup [in /home/kali/microblog/app/__init__.py:46]
2025-11-05 10:27:41,572 INFO: Microblog startup [in /home/kali/microblog/app/__init__.py:46]
2025-11-05 10:27:43,726 INFO: Microblog startup [in /home/kali/microblog/app/__init__.py:46]
